-------------------
CSE247 Robot tester starts testing heaps on 2019-10-13 22:19:26 -0500

========
Testing in ./GradingRepos/repos/labs-puppalavishal: heaps as of 2019-10-05 00:05
========
Now in: /home/coles/git/cse247/cse247-support-f19/GradingRepos/repos/labs-puppalavishal
Your branch is up-to-date with 'origin/master'.
HEAD is now at 854433b minheap lab
No local changes to save

Updating 854433b..daef14b
Fast-forward
 RoboGrade/heaps-test.TestInsert.txt | 421 ++++++++++++++++++++++++++++++++++++
 1 file changed, 421 insertions(+)
 create mode 100644 RoboGrade/heaps-test.TestInsert.txt
Going back in time to: 2019-10-05 00:05
At hash 84371c277cc0b31b9ad96abfacca84bc67d204ea

Buildfile: /home/coles/git/cse247/cse247-support-f19/build.xml

copytest:
     [echo] would copy from /home/coles/git/cse247/cse247-f19-graders/ key puppalavishal testfilesource test/TestExtractMin package heaps repo ./GradingRepos/repos/labs-puppalavishal
     [copy] Copying 1 file to /home/coles/git/cse247/cse247-support-f19/GradingRepos/repos/labs-puppalavishal/labs/heaps/test

BUILD SUCCESSFUL
Total time: 0 seconds
Compiling the code
Buildfile: /home/coles/git/cse247/cse247-support-f19/build.xml

compile:
     [echo] Compiling heaps/MinHeap
    [javac] Compiling 1 source file to /home/coles/git/cse247/cse247-support-f19/GradingRepos/repos/labs-puppalavishal/bin

BUILD SUCCESSFUL
Total time: 3 seconds
Buildfile: /home/coles/git/cse247/cse247-support-f19/build.xml

compile:
     [echo] Compiling heaps/test/TestExtractMin
    [javac] Compiling 1 source file to /home/coles/git/cse247/cse247-support-f19/GradingRepos/repos/labs-puppalavishal/bin

BUILD SUCCESSFUL
Total time: 3 seconds
Running test test.TestExtractMin
Buildfile: /home/coles/git/cse247/cse247-support-f19/build.xml

test:
    [junit] Running heaps.test.TestExtractMin
    [junit] Testsuite: heaps.test.TestExtractMin
    [junit] Testing with duplicates size 0
    [junit] done
    [junit] Testing with duplicates size 1
    [junit] done
    [junit] Testing with duplicates size 2
    [junit] java.lang.Error: In your array at index 1 the Decreaser object has the wrong location. It should be 1 but was 3
    [junit] 	at heaps.validate.MinHeapValidator.checkLocsCorrect(MinHeapValidator.java:135)
    [junit] 	at heaps.validate.MinHeapValidator.check(MinHeapValidator.java:32)
    [junit] 	at heaps.test.TestUtil.sortTest(TestUtil.java:71)
    [junit] 	at heaps.test.TestExtractMin.testExtractMinDups(TestExtractMin.java:34)
    [junit] 	at java.base/jdk.internal.reflect.NativeMethodAccessorImpl.invoke0(Native Method)
    [junit] 	at java.base/jdk.internal.reflect.NativeMethodAccessorImpl.invoke(NativeMethodAccessorImpl.java:62)
    [junit] 	at java.base/jdk.internal.reflect.DelegatingMethodAccessorImpl.invoke(DelegatingMethodAccessorImpl.java:43)
    [junit] 	at java.base/java.lang.reflect.Method.invoke(Method.java:567)
    [junit] 	at org.junit.runners.model.FrameworkMethod$1.runReflectiveCall(FrameworkMethod.java:50)
    [junit] 	at org.junit.internal.runners.model.ReflectiveCallable.run(ReflectiveCallable.java:12)
    [junit] 	at org.junit.runners.model.FrameworkMethod.invokeExplosively(FrameworkMethod.java:47)
    [junit] 	at org.junit.internal.runners.statements.InvokeMethod.evaluate(InvokeMethod.java:17)
    [junit] ===== Failure report for testExtractMinDups(heaps.test.TestExtractMin) ========
    [junit] Failure message: Heap Validation Error (detail shown below):
    [junit] java.lang.Error: In your array at index 1 the Decreaser object has the wrong location. It should be 1 but was 3
    [junit] Tree before the problem occurred:
    [junit]  1 
    [junit] 	at org.junit.rules.TestWatcher$1.evaluate(TestWatcher.java:55)
    [junit] 1
    [junit] 
    [junit] What went wrong: In your array at index 1 the Decreaser object has the wrong location. It should be 1 but was 3
    [junit] Tree that triggered this problem:
    [junit]  0 
    [junit] 1 1
    [junit] 
    [junit] ===== End Failure report for testExtractMinDups(heaps.test.TestExtractMin) ========
    [junit] 
    [junit] 
    [junit] Testing with unique vals size 0
    [junit] done
    [junit] Testing with unique vals size 1
    [junit] done
    [junit] 	at org.junit.rules.RunRules.evaluate(RunRules.java:20)
    [junit] 	at org.junit.runners.ParentRunner.runLeaf(ParentRunner.java:325)
    [junit] 	at org.junit.runners.BlockJUnit4ClassRunner.runChild(BlockJUnit4ClassRunner.java:78)
    [junit] 	at org.junit.runners.BlockJUnit4ClassRunner.runChild(BlockJUnit4ClassRunner.java:57)
    [junit] 	at org.junit.runners.ParentRunner$3.run(ParentRunner.java:290)
    [junit] Testing with unique vals size 2
    [junit] 	at org.junit.runners.ParentRunner$1.schedule(ParentRunner.java:71)
    [junit] ===== Failure report for testExtractMinUniq(heaps.test.TestExtractMin) ========
    [junit] Failure message: Heap Validation Error (detail shown below):
    [junit] 	at org.junit.runners.ParentRunner.runChildren(ParentRunner.java:288)
    [junit] java.lang.Error: In your array at index 1 the Decreaser object has the wrong location. It should be 1 but was 2
    [junit] 	at org.junit.runners.ParentRunner.access$000(ParentRunner.java:58)
    [junit] 	at org.junit.runners.ParentRunner$2.evaluate(ParentRunner.java:268)
    [junit] Tree before the problem occurred:
    [junit] 1
    [junit] 	at org.junit.runners.ParentRunner.run(ParentRunner.java:363)
    [junit] 	at junit.framework.JUnit4TestAdapter.run(JUnit4TestAdapter.java:38)
    [junit] 	at org.apache.tools.ant.taskdefs.optional.junit.JUnitTestRunner.run(JUnitTestRunner.java:535)
    [junit] 	at org.apache.tools.ant.taskdefs.optional.junit.JUnitTestRunner.launch(JUnitTestRunner.java:1182)
    [junit] 	at org.apache.tools.ant.taskdefs.optional.junit.JUnitTestRunner.main(JUnitTestRunner.java:1033)
    [junit] java.lang.Error: In your array at index 1 the Decreaser object has the wrong location. It should be 1 but was 2
    [junit] 	at heaps.validate.MinHeapValidator.checkLocsCorrect(MinHeapValidator.java:135)
    [junit] 	at heaps.validate.MinHeapValidator.check(MinHeapValidator.java:32)
    [junit] 	at heaps.test.TestUtil.sortTest(TestUtil.java:71)
    [junit] 	at heaps.test.TestExtractMin.testExtractMinUniq(TestExtractMin.java:22)
    [junit] 	at java.base/jdk.internal.reflect.NativeMethodAccessorImpl.invoke0(Native Method)
    [junit] 	at java.base/jdk.internal.reflect.NativeMethodAccessorImpl.invoke(NativeMethodAccessorImpl.java:62)
    [junit] 	at java.base/jdk.internal.reflect.DelegatingMethodAccessorImpl.invoke(DelegatingMethodAccessorImpl.java:43)
    [junit] 	at java.base/java.lang.reflect.Method.invoke(Method.java:567)
    [junit] 	at org.junit.runners.model.FrameworkMethod$1.runReflectiveCall(FrameworkMethod.java:50)
    [junit] 	at org.junit.internal.runners.model.ReflectiveCallable.run(ReflectiveCallable.java:12)
    [junit] 	at org.junit.runners.model.FrameworkMethod.invokeExplosively(FrameworkMethod.java:47)
    [junit] 	at org.junit.internal.runners.statements.InvokeMethod.evaluate(InvokeMethod.java:17)
    [junit] 
    [junit] 	at org.junit.rules.TestWatcher$1.evaluate(TestWatcher.java:55)
    [junit] What went wrong: In your array at index 1 the Decreaser object has the wrong location. It should be 1 but was 2
    [junit] 	at org.junit.rules.RunRules.evaluate(RunRules.java:20)
    [junit] Tree that triggered this problem:
    [junit] 	at org.junit.runners.ParentRunner.runLeaf(ParentRunner.java:325)
    [junit]  0 
    [junit] 	at org.junit.runners.BlockJUnit4ClassRunner.runChild(BlockJUnit4ClassRunner.java:78)
    [junit] 1
    [junit] 	at org.junit.runners.BlockJUnit4ClassRunner.runChild(BlockJUnit4ClassRunner.java:57)
    [junit] 
    [junit] 	at org.junit.runners.ParentRunner$3.run(ParentRunner.java:290)
    [junit] ===== End Failure report for testExtractMinUniq(heaps.test.TestExtractMin) ========
    [junit] 	at org.junit.runners.ParentRunner$1.schedule(ParentRunner.java:71)
    [junit] 
    [junit] 	at org.junit.runners.ParentRunner.runChildren(ParentRunner.java:288)
    [junit] 
    [junit] 	at org.junit.runners.ParentRunner.access$000(ParentRunner.java:58)
    [junit] Tests run: 3, Failures: 0, Errors: 2, Skipped: 0, Time elapsed: 0.308 sec
    [junit] 	at org.junit.runners.ParentRunner$2.evaluate(ParentRunner.java:268)
    [junit] Output:
    [junit] 	at org.junit.runners.ParentRunner.run(ParentRunner.java:363)
    [junit] Testing with duplicates size 0
    [junit] 	at junit.framework.JUnit4TestAdapter.run(JUnit4TestAdapter.java:38)
    [junit] done
    [junit] Testing with duplicates size 1
    [junit] done
    [junit] Testing with duplicates size 2
    [junit] ===== Failure report for testExtractMinDups(heaps.test.TestExtractMin) ========
    [junit] Failure message: Heap Validation Error (detail shown below):
    [junit] java.lang.Error: In your array at index 1 the Decreaser object has the wrong location. It should be 1 but was 3
    [junit] Tree before the problem occurred:
    [junit]  1 
    [junit] 1
    [junit] 
    [junit] What went wrong: In your array at index 1 the Decreaser object has the wrong location. It should be 1 but was 3
    [junit] Tree that triggered this problem:
    [junit] 	at org.apache.tools.ant.taskdefs.optional.junit.JUnitTestRunner.run(JUnitTestRunner.java:535)
    [junit]  0 
    [junit] 	at org.apache.tools.ant.taskdefs.optional.junit.JUnitTestRunner.launch(JUnitTestRunner.java:1182)
    [junit] 1 1
    [junit] 	at org.apache.tools.ant.taskdefs.optional.junit.JUnitTestRunner.main(JUnitTestRunner.java:1033)
    [junit] 
    [junit] ===== End Failure report for testExtractMinDups(heaps.test.TestExtractMin) ========
    [junit] 
    [junit] 
    [junit] Testing with unique vals size 0
    [junit] done
    [junit] Testing with unique vals size 1
    [junit] done
    [junit] Testing with unique vals size 2
    [junit] ===== Failure report for testExtractMinUniq(heaps.test.TestExtractMin) ========
    [junit] Failure message: Heap Validation Error (detail shown below):
    [junit] java.lang.Error: In your array at index 1 the Decreaser object has the wrong location. It should be 1 but was 2
    [junit] Tree before the problem occurred:
    [junit] 1
    [junit] 
    [junit] What went wrong: In your array at index 1 the Decreaser object has the wrong location. It should be 1 but was 2
    [junit] Tree that triggered this problem:
    [junit]  0 
    [junit] 1
    [junit] 
    [junit] ===== End Failure report for testExtractMinUniq(heaps.test.TestExtractMin) ========
    [junit] 
    [junit] 
    [junit] 
    [junit] Error: 
    [junit] java.lang.Error: In your array at index 1 the Decreaser object has the wrong location. It should be 1 but was 3
    [junit] 	at heaps.validate.MinHeapValidator.checkLocsCorrect(MinHeapValidator.java:135)
    [junit] 	at heaps.validate.MinHeapValidator.check(MinHeapValidator.java:32)
    [junit] 	at heaps.test.TestUtil.sortTest(TestUtil.java:71)
    [junit] 	at heaps.test.TestExtractMin.testExtractMinDups(TestExtractMin.java:34)
    [junit] 	at java.base/jdk.internal.reflect.NativeMethodAccessorImpl.invoke0(Native Method)
    [junit] 	at java.base/jdk.internal.reflect.NativeMethodAccessorImpl.invoke(NativeMethodAccessorImpl.java:62)
    [junit] 	at java.base/jdk.internal.reflect.DelegatingMethodAccessorImpl.invoke(DelegatingMethodAccessorImpl.java:43)
    [junit] 	at java.base/java.lang.reflect.Method.invoke(Method.java:567)
    [junit] 	at org.junit.runners.model.FrameworkMethod$1.runReflectiveCall(FrameworkMethod.java:50)
    [junit] 	at org.junit.internal.runners.model.ReflectiveCallable.run(ReflectiveCallable.java:12)
    [junit] 	at org.junit.runners.model.FrameworkMethod.invokeExplosively(FrameworkMethod.java:47)
    [junit] 	at org.junit.internal.runners.statements.InvokeMethod.evaluate(InvokeMethod.java:17)
    [junit] 	at org.junit.rules.TestWatcher$1.evaluate(TestWatcher.java:55)
    [junit] 	at org.junit.rules.RunRules.evaluate(RunRules.java:20)
    [junit] 	at org.junit.runners.ParentRunner.runLeaf(ParentRunner.java:325)
    [junit] 	at org.junit.runners.BlockJUnit4ClassRunner.runChild(BlockJUnit4ClassRunner.java:78)
    [junit] 	at org.junit.runners.BlockJUnit4ClassRunner.runChild(BlockJUnit4ClassRunner.java:57)
    [junit] 	at org.junit.runners.ParentRunner$3.run(ParentRunner.java:290)
    [junit] 	at org.junit.runners.ParentRunner$1.schedule(ParentRunner.java:71)
    [junit] 	at org.junit.runners.ParentRunner.runChildren(ParentRunner.java:288)
    [junit] 	at org.junit.runners.ParentRunner.access$000(ParentRunner.java:58)
    [junit] 	at org.junit.runners.ParentRunner$2.evaluate(ParentRunner.java:268)
    [junit] 	at org.junit.runners.ParentRunner.run(ParentRunner.java:363)
    [junit] 	at junit.framework.JUnit4TestAdapter.run(JUnit4TestAdapter.java:38)
    [junit] 	at org.apache.tools.ant.taskdefs.optional.junit.JUnitTestRunner.run(JUnitTestRunner.java:535)
    [junit] 	at org.apache.tools.ant.taskdefs.optional.junit.JUnitTestRunner.launch(JUnitTestRunner.java:1182)
    [junit] 	at org.apache.tools.ant.taskdefs.optional.junit.JUnitTestRunner.main(JUnitTestRunner.java:1033)
    [junit] java.lang.Error: In your array at index 1 the Decreaser object has the wrong location. It should be 1 but was 2
    [junit] 	at heaps.validate.MinHeapValidator.checkLocsCorrect(MinHeapValidator.java:135)
    [junit] 	at heaps.validate.MinHeapValidator.check(MinHeapValidator.java:32)
    [junit] 	at heaps.test.TestUtil.sortTest(TestUtil.java:71)
    [junit] 	at heaps.test.TestExtractMin.testExtractMinUniq(TestExtractMin.java:22)
    [junit] 	at java.base/jdk.internal.reflect.NativeMethodAccessorImpl.invoke0(Native Method)
    [junit] 	at java.base/jdk.internal.reflect.NativeMethodAccessorImpl.invoke(NativeMethodAccessorImpl.java:62)
    [junit] 	at java.base/jdk.internal.reflect.DelegatingMethodAccessorImpl.invoke(DelegatingMethodAccessorImpl.java:43)
    [junit] 	at java.base/java.lang.reflect.Method.invoke(Method.java:567)
    [junit] 	at org.junit.runners.model.FrameworkMethod$1.runReflectiveCall(FrameworkMethod.java:50)
    [junit] 	at org.junit.internal.runners.model.ReflectiveCallable.run(ReflectiveCallable.java:12)
    [junit] 	at org.junit.runners.model.FrameworkMethod.invokeExplosively(FrameworkMethod.java:47)
    [junit] 	at org.junit.internal.runners.statements.InvokeMethod.evaluate(InvokeMethod.java:17)
    [junit] 	at org.junit.rules.TestWatcher$1.evaluate(TestWatcher.java:55)
    [junit] 	at org.junit.rules.RunRules.evaluate(RunRules.java:20)
    [junit] 	at org.junit.runners.ParentRunner.runLeaf(ParentRunner.java:325)
    [junit] 	at org.junit.runners.BlockJUnit4ClassRunner.runChild(BlockJUnit4ClassRunner.java:78)
    [junit] 	at org.junit.runners.BlockJUnit4ClassRunner.runChild(BlockJUnit4ClassRunner.java:57)
    [junit] 	at org.junit.runners.ParentRunner$3.run(ParentRunner.java:290)
    [junit] 	at org.junit.runners.ParentRunner$1.schedule(ParentRunner.java:71)
    [junit] 	at org.junit.runners.ParentRunner.runChildren(ParentRunner.java:288)
    [junit] 	at org.junit.runners.ParentRunner.access$000(ParentRunner.java:58)
    [junit] 	at org.junit.runners.ParentRunner$2.evaluate(ParentRunner.java:268)
    [junit] 	at org.junit.runners.ParentRunner.run(ParentRunner.java:363)
    [junit] 	at junit.framework.JUnit4TestAdapter.run(JUnit4TestAdapter.java:38)
    [junit] 	at org.apache.tools.ant.taskdefs.optional.junit.JUnitTestRunner.run(JUnitTestRunner.java:535)
    [junit] 	at org.apache.tools.ant.taskdefs.optional.junit.JUnitTestRunner.launch(JUnitTestRunner.java:1182)
    [junit] 	at org.apache.tools.ant.taskdefs.optional.junit.JUnitTestRunner.main(JUnitTestRunner.java:1033)
    [junit] 
    [junit] Tests run: 3, Failures: 0, Errors: 2, Skipped: 0, Time elapsed: 0.308 sec
    [junit] ------------- Standard Output ---------------
    [junit] Testing with duplicates size 0
    [junit] done
    [junit] Testing with duplicates size 1
    [junit] done
    [junit] Testing with duplicates size 2
    [junit] ===== Failure report for testExtractMinDups(heaps.test.TestExtractMin) ========
    [junit] Failure message: Heap Validation Error (detail shown below):
    [junit] java.lang.Error: In your array at index 1 the Decreaser object has the wrong location. It should be 1 but was 3
    [junit] Tree before the problem occurred:
    [junit]  1 
    [junit] 1
    [junit] 
    [junit] What went wrong: In your array at index 1 the Decreaser object has the wrong location. It should be 1 but was 3
    [junit] Tree that triggered this problem:
    [junit]  0 
    [junit] 1 1
    [junit] 
    [junit] ===== End Failure report for testExtractMinDups(heaps.test.TestExtractMin) ========
    [junit] 
    [junit] 
    [junit] Testing with unique vals size 0
    [junit] done
    [junit] Testing with unique vals size 1
    [junit] done
    [junit] Testing with unique vals size 2
    [junit] ===== Failure report for testExtractMinUniq(heaps.test.TestExtractMin) ========
    [junit] Failure message: Heap Validation Error (detail shown below):
    [junit] java.lang.Error: In your array at index 1 the Decreaser object has the wrong location. It should be 1 but was 2
    [junit] Tree before the problem occurred:
    [junit] 1
    [junit] 
    [junit] What went wrong: In your array at index 1 the Decreaser object has the wrong location. It should be 1 but was 2
    [junit] Tree that triggered this problem:
    [junit]  0 
    [junit] 1
    [junit] 
    [junit] ===== End Failure report for testExtractMinUniq(heaps.test.TestExtractMin) ========
    [junit] 
    [junit] 
    [junit] ------------- ---------------- ---------------
    [junit] ------------- Standard Error -----------------
    [junit] java.lang.Error: In your array at index 1 the Decreaser object has the wrong location. It should be 1 but was 3
    [junit] 	at heaps.validate.MinHeapValidator.checkLocsCorrect(MinHeapValidator.java:135)
    [junit] 	at heaps.validate.MinHeapValidator.check(MinHeapValidator.java:32)
    [junit] 	at heaps.test.TestUtil.sortTest(TestUtil.java:71)
    [junit] 	at heaps.test.TestExtractMin.testExtractMinDups(TestExtractMin.java:34)
    [junit] 	at java.base/jdk.internal.reflect.NativeMethodAccessorImpl.invoke0(Native Method)
    [junit] 	at java.base/jdk.internal.reflect.NativeMethodAccessorImpl.invoke(NativeMethodAccessorImpl.java:62)
    [junit] 	at java.base/jdk.internal.reflect.DelegatingMethodAccessorImpl.invoke(DelegatingMethodAccessorImpl.java:43)
    [junit] 	at java.base/java.lang.reflect.Method.invoke(Method.java:567)
    [junit] 	at org.junit.runners.model.FrameworkMethod$1.runReflectiveCall(FrameworkMethod.java:50)
    [junit] 	at org.junit.internal.runners.model.ReflectiveCallable.run(ReflectiveCallable.java:12)
    [junit] 	at org.junit.runners.model.FrameworkMethod.invokeExplosively(FrameworkMethod.java:47)
    [junit] 	at org.junit.internal.runners.statements.InvokeMethod.evaluate(InvokeMethod.java:17)
    [junit] 	at org.junit.rules.TestWatcher$1.evaluate(TestWatcher.java:55)
    [junit] 	at org.junit.rules.RunRules.evaluate(RunRules.java:20)
    [junit] 	at org.junit.runners.ParentRunner.runLeaf(ParentRunner.java:325)
    [junit] 	at org.junit.runners.BlockJUnit4ClassRunner.runChild(BlockJUnit4ClassRunner.java:78)
    [junit] 	at org.junit.runners.BlockJUnit4ClassRunner.runChild(BlockJUnit4ClassRunner.java:57)
    [junit] 	at org.junit.runners.ParentRunner$3.run(ParentRunner.java:290)
    [junit] 	at org.junit.runners.ParentRunner$1.schedule(ParentRunner.java:71)
    [junit] 	at org.junit.runners.ParentRunner.runChildren(ParentRunner.java:288)
    [junit] 	at org.junit.runners.ParentRunner.access$000(ParentRunner.java:58)
    [junit] 	at org.junit.runners.ParentRunner$2.evaluate(ParentRunner.java:268)
    [junit] 	at org.junit.runners.ParentRunner.run(ParentRunner.java:363)
    [junit] 	at junit.framework.JUnit4TestAdapter.run(JUnit4TestAdapter.java:38)
    [junit] 	at org.apache.tools.ant.taskdefs.optional.junit.JUnitTestRunner.run(JUnitTestRunner.java:535)
    [junit] 	at org.apache.tools.ant.taskdefs.optional.junit.JUnitTestRunner.launch(JUnitTestRunner.java:1182)
    [junit] 	at org.apache.tools.ant.taskdefs.optional.junit.JUnitTestRunner.main(JUnitTestRunner.java:1033)
    [junit] java.lang.Error: In your array at index 1 the Decreaser object has the wrong location. It should be 1 but was 2
    [junit] 	at heaps.validate.MinHeapValidator.checkLocsCorrect(MinHeapValidator.java:135)
    [junit] 	at heaps.validate.MinHeapValidator.check(MinHeapValidator.java:32)
    [junit] 	at heaps.test.TestUtil.sortTest(TestUtil.java:71)
    [junit] 	at heaps.test.TestExtractMin.testExtractMinUniq(TestExtractMin.java:22)
    [junit] 	at java.base/jdk.internal.reflect.NativeMethodAccessorImpl.invoke0(Native Method)
    [junit] 	at java.base/jdk.internal.reflect.NativeMethodAccessorImpl.invoke(NativeMethodAccessorImpl.java:62)
    [junit] 	at java.base/jdk.internal.reflect.DelegatingMethodAccessorImpl.invoke(DelegatingMethodAccessorImpl.java:43)
    [junit] 	at java.base/java.lang.reflect.Method.invoke(Method.java:567)
    [junit] 	at org.junit.runners.model.FrameworkMethod$1.runReflectiveCall(FrameworkMethod.java:50)
    [junit] 	at org.junit.internal.runners.model.ReflectiveCallable.run(ReflectiveCallable.java:12)
    [junit] 	at org.junit.runners.model.FrameworkMethod.invokeExplosively(FrameworkMethod.java:47)
    [junit] 	at org.junit.internal.runners.statements.InvokeMethod.evaluate(InvokeMethod.java:17)
    [junit] 	at org.junit.rules.TestWatcher$1.evaluate(TestWatcher.java:55)
    [junit] 	at org.junit.rules.RunRules.evaluate(RunRules.java:20)
    [junit] 	at org.junit.runners.ParentRunner.runLeaf(ParentRunner.java:325)
    [junit] 	at org.junit.runners.BlockJUnit4ClassRunner.runChild(BlockJUnit4ClassRunner.java:78)
    [junit] 	at org.junit.runners.BlockJUnit4ClassRunner.runChild(BlockJUnit4ClassRunner.java:57)
    [junit] 	at org.junit.runners.ParentRunner$3.run(ParentRunner.java:290)
    [junit] 	at org.junit.runners.ParentRunner$1.schedule(ParentRunner.java:71)
    [junit] 	at org.junit.runners.ParentRunner.runChildren(ParentRunner.java:288)
    [junit] 	at org.junit.runners.ParentRunner.access$000(ParentRunner.java:58)
    [junit] 	at org.junit.runners.ParentRunner$2.evaluate(ParentRunner.java:268)
    [junit] 	at org.junit.runners.ParentRunner.run(ParentRunner.java:363)
    [junit] 	at junit.framework.JUnit4TestAdapter.run(JUnit4TestAdapter.java:38)
    [junit] 	at org.apache.tools.ant.taskdefs.optional.junit.JUnitTestRunner.run(JUnitTestRunner.java:535)
    [junit] 	at org.apache.tools.ant.taskdefs.optional.junit.JUnitTestRunner.launch(JUnitTestRunner.java:1182)
    [junit] 	at org.apache.tools.ant.taskdefs.optional.junit.JUnitTestRunner.main(JUnitTestRunner.java:1033)
    [junit] ------------- ---------------- ---------------
    [junit] 
    [junit] Testcase: testExtractMinDups took 0.211 sec
    [junit] 	Caused an ERROR
    [junit] null
    [junit] Heap Validation Error (detail shown below):
    [junit] java.lang.Error: In your array at index 1 the Decreaser object has the wrong location. It should be 1 but was 3
    [junit] Tree before the problem occurred:
    [junit]  1 
    [junit] 1
    [junit] 
    [junit] What went wrong: In your array at index 1 the Decreaser object has the wrong location. It should be 1 but was 3
    [junit] Tree that triggered this problem:
    [junit]  0 
    [junit] 1 1
    [junit] 
    [junit] 	at heaps.validate.MinHeapValidator.check(MinHeapValidator.java:43)
    [junit] 	at heaps.test.TestUtil.sortTest(TestUtil.java:71)
    [junit] 	at heaps.test.TestExtractMin.testExtractMinDups(TestExtractMin.java:34)
    [junit] 	at java.base/jdk.internal.reflect.NativeMethodAccessorImpl.invoke0(Native Method)
    [junit] 	at java.base/jdk.internal.reflect.NativeMethodAccessorImpl.invoke(NativeMethodAccessorImpl.java:62)
    [junit] 	at java.base/jdk.internal.reflect.DelegatingMethodAccessorImpl.invoke(DelegatingMethodAccessorImpl.java:43)
    [junit] 
    [junit] Testcase: testExtractMinUniq took 0.006 sec
    [junit] 	Caused an ERROR
    [junit] null
    [junit] Heap Validation Error (detail shown below):
    [junit] java.lang.Error: In your array at index 1 the Decreaser object has the wrong location. It should be 1 but was 2
    [junit] Tree before the problem occurred:
    [junit] 1
    [junit] 
    [junit] What went wrong: In your array at index 1 the Decreaser object has the wrong location. It should be 1 but was 2
    [junit] Tree that triggered this problem:
    [junit]  0 
    [junit] 1
    [junit] 
    [junit] 	at heaps.validate.MinHeapValidator.check(MinHeapValidator.java:43)
    [junit] 	at heaps.test.TestUtil.sortTest(TestUtil.java:71)
    [junit] 	at heaps.test.TestExtractMin.testExtractMinUniq(TestExtractMin.java:22)
    [junit] 	at java.base/jdk.internal.reflect.NativeMethodAccessorImpl.invoke0(Native Method)
    [junit] 	at java.base/jdk.internal.reflect.NativeMethodAccessorImpl.invoke(NativeMethodAccessorImpl.java:62)
    [junit] 	at java.base/jdk.internal.reflect.DelegatingMethodAccessorImpl.invoke(DelegatingMethodAccessorImpl.java:43)
    [junit] 
    [junit] Testcase: testLocUpdatedHeapify took 0.026 sec

BUILD FAILED
/home/coles/git/cse247/cse247-support-f19/build.xml:34: Test heaps.test.TestExtractMin failed

Total time: 2 seconds
========
Testing in ./GradingRepos/repos/labs-puppalavishal: heaps as of 2019-10-12 00:05
========
Now in: /home/coles/git/cse247/cse247-support-f19/GradingRepos/repos/labs-puppalavishal
Your branch is up-to-date with 'origin/master'.
HEAD is now at daef14b robograde
No local changes to save

Already up-to-date.
Going back in time to: 2019-10-12 00:05
At hash 854433b9a6ac26e149599ba83055bfa3b417cdac

Buildfile: /home/coles/git/cse247/cse247-support-f19/build.xml

copytest:
     [echo] would copy from /home/coles/git/cse247/cse247-f19-graders/ key puppalavishal testfilesource test/TestExtractMin package heaps repo ./GradingRepos/repos/labs-puppalavishal
     [copy] Copying 1 file to /home/coles/git/cse247/cse247-support-f19/GradingRepos/repos/labs-puppalavishal/labs/heaps/test

BUILD SUCCESSFUL
Total time: 0 seconds
Compiling the code
Buildfile: /home/coles/git/cse247/cse247-support-f19/build.xml

compile:
     [echo] Compiling heaps/MinHeap
    [javac] Compiling 1 source file to /home/coles/git/cse247/cse247-support-f19/GradingRepos/repos/labs-puppalavishal/bin

BUILD SUCCESSFUL
Total time: 3 seconds
Buildfile: /home/coles/git/cse247/cse247-support-f19/build.xml

compile:
     [echo] Compiling heaps/test/TestExtractMin
    [javac] Compiling 1 source file to /home/coles/git/cse247/cse247-support-f19/GradingRepos/repos/labs-puppalavishal/bin

BUILD SUCCESSFUL
Total time: 3 seconds
Running test test.TestExtractMin
Buildfile: /home/coles/git/cse247/cse247-support-f19/build.xml

test:
    [junit] Running heaps.test.TestExtractMin
    [junit] Testsuite: heaps.test.TestExtractMin
    [junit] Testing with duplicates size 0
    [junit] done
    [junit] Testing with duplicates size 1
    [junit] done
    [junit] Testing with duplicates size 2
    [junit] java.lang.Error: In your array at index 1 the Decreaser object has the wrong location. It should be 1 but was 3
    [junit] 	at heaps.validate.MinHeapValidator.checkLocsCorrect(MinHeapValidator.java:135)
    [junit] 	at heaps.validate.MinHeapValidator.check(MinHeapValidator.java:32)
    [junit] 	at heaps.test.TestUtil.sortTest(TestUtil.java:71)
    [junit] 	at heaps.test.TestExtractMin.testExtractMinDups(TestExtractMin.java:34)
    [junit] 	at java.base/jdk.internal.reflect.NativeMethodAccessorImpl.invoke0(Native Method)
    [junit] 	at java.base/jdk.internal.reflect.NativeMethodAccessorImpl.invoke(NativeMethodAccessorImpl.java:62)
    [junit] 	at java.base/jdk.internal.reflect.DelegatingMethodAccessorImpl.invoke(DelegatingMethodAccessorImpl.java:43)
    [junit] 	at java.base/java.lang.reflect.Method.invoke(Method.java:567)
    [junit] 	at org.junit.runners.model.FrameworkMethod$1.runReflectiveCall(FrameworkMethod.java:50)
    [junit] 	at org.junit.internal.runners.model.ReflectiveCallable.run(ReflectiveCallable.java:12)
    [junit] 	at org.junit.runners.model.FrameworkMethod.invokeExplosively(FrameworkMethod.java:47)
    [junit] 	at org.junit.internal.runners.statements.InvokeMethod.evaluate(InvokeMethod.java:17)
    [junit] 	at org.junit.rules.TestWatcher$1.evaluate(TestWatcher.java:55)
    [junit] 	at org.junit.rules.RunRules.evaluate(RunRules.java:20)
    [junit] 	at org.junit.runners.ParentRunner.runLeaf(ParentRunner.java:325)
    [junit] 	at org.junit.runners.BlockJUnit4ClassRunner.runChild(BlockJUnit4ClassRunner.java:78)
    [junit] 	at org.junit.runners.BlockJUnit4ClassRunner.runChild(BlockJUnit4ClassRunner.java:57)
    [junit] 	at org.junit.runners.ParentRunner$3.run(ParentRunner.java:290)
    [junit] 	at org.junit.runners.ParentRunner$1.schedule(ParentRunner.java:71)
    [junit] 	at org.junit.runners.ParentRunner.runChildren(ParentRunner.java:288)
    [junit] 	at org.junit.runners.ParentRunner.access$000(ParentRunner.java:58)
    [junit] 	at org.junit.runners.ParentRunner$2.evaluate(ParentRunner.java:268)
    [junit] 	at org.junit.runners.ParentRunner.run(ParentRunner.java:363)
    [junit] 	at junit.framework.JUnit4TestAdapter.run(JUnit4TestAdapter.java:38)
    [junit] 	at org.apache.tools.ant.taskdefs.optional.junit.JUnitTestRunner.run(JUnitTestRunner.java:535)
    [junit] 	at org.apache.tools.ant.taskdefs.optional.junit.JUnitTestRunner.launch(JUnitTestRunner.java:1182)
    [junit] ===== Failure report for testExtractMinDups(heaps.test.TestExtractMin) ========
    [junit] Failure message: Heap Validation Error (detail shown below):
    [junit] java.lang.Error: In your array at index 1 the Decreaser object has the wrong location. It should be 1 but was 3
    [junit] Tree before the problem occurred:
    [junit]  1 
    [junit] 1
    [junit] 
    [junit] What went wrong: In your array at index 1 the Decreaser object has the wrong location. It should be 1 but was 3
    [junit] Tree that triggered this problem:
    [junit]  0 
    [junit] 1 1
    [junit] 
    [junit] ===== End Failure report for testExtractMinDups(heaps.test.TestExtractMin) ========
    [junit] 
    [junit] 
    [junit] Testing with unique vals size 0
    [junit] done
    [junit] Testing with unique vals size 1
    [junit] done
    [junit] Testing with unique vals size 2
    [junit] ===== Failure report for testExtractMinUniq(heaps.test.TestExtractMin) ========
    [junit] 	at org.apache.tools.ant.taskdefs.optional.junit.JUnitTestRunner.main(JUnitTestRunner.java:1033)
    [junit] Failure message: Heap Validation Error (detail shown below):
    [junit] java.lang.Error: In your array at index 1 the Decreaser object has the wrong location. It should be 1 but was 2
    [junit] java.lang.Error: In your array at index 1 the Decreaser object has the wrong location. It should be 1 but was 2
    [junit] 	at heaps.validate.MinHeapValidator.checkLocsCorrect(MinHeapValidator.java:135)
    [junit] 	at heaps.validate.MinHeapValidator.check(MinHeapValidator.java:32)
    [junit] 	at heaps.test.TestUtil.sortTest(TestUtil.java:71)
    [junit] 	at heaps.test.TestExtractMin.testExtractMinUniq(TestExtractMin.java:22)
    [junit] 	at java.base/jdk.internal.reflect.NativeMethodAccessorImpl.invoke0(Native Method)
    [junit] 	at java.base/jdk.internal.reflect.NativeMethodAccessorImpl.invoke(NativeMethodAccessorImpl.java:62)
    [junit] 	at java.base/jdk.internal.reflect.DelegatingMethodAccessorImpl.invoke(DelegatingMethodAccessorImpl.java:43)
    [junit] 	at java.base/java.lang.reflect.Method.invoke(Method.java:567)
    [junit] 	at org.junit.runners.model.FrameworkMethod$1.runReflectiveCall(FrameworkMethod.java:50)
    [junit] 	at org.junit.internal.runners.model.ReflectiveCallable.run(ReflectiveCallable.java:12)
    [junit] 	at org.junit.runners.model.FrameworkMethod.invokeExplosively(FrameworkMethod.java:47)
    [junit] 	at org.junit.internal.runners.statements.InvokeMethod.evaluate(InvokeMethod.java:17)
    [junit] 	at org.junit.rules.TestWatcher$1.evaluate(TestWatcher.java:55)
    [junit] 	at org.junit.rules.RunRules.evaluate(RunRules.java:20)
    [junit] 	at org.junit.runners.ParentRunner.runLeaf(ParentRunner.java:325)
    [junit] Tree before the problem occurred:
    [junit] 	at org.junit.runners.BlockJUnit4ClassRunner.runChild(BlockJUnit4ClassRunner.java:78)
    [junit] 	at org.junit.runners.BlockJUnit4ClassRunner.runChild(BlockJUnit4ClassRunner.java:57)
    [junit] 	at org.junit.runners.ParentRunner$3.run(ParentRunner.java:290)
    [junit] 	at org.junit.runners.ParentRunner$1.schedule(ParentRunner.java:71)
    [junit] 	at org.junit.runners.ParentRunner.runChildren(ParentRunner.java:288)
    [junit] 	at org.junit.runners.ParentRunner.access$000(ParentRunner.java:58)
    [junit] 	at org.junit.runners.ParentRunner$2.evaluate(ParentRunner.java:268)
    [junit] 	at org.junit.runners.ParentRunner.run(ParentRunner.java:363)
    [junit] 	at junit.framework.JUnit4TestAdapter.run(JUnit4TestAdapter.java:38)
    [junit] 	at org.apache.tools.ant.taskdefs.optional.junit.JUnitTestRunner.run(JUnitTestRunner.java:535)
    [junit] 	at org.apache.tools.ant.taskdefs.optional.junit.JUnitTestRunner.launch(JUnitTestRunner.java:1182)
    [junit] 	at org.apache.tools.ant.taskdefs.optional.junit.JUnitTestRunner.main(JUnitTestRunner.java:1033)
    [junit] 1
    [junit] 
    [junit] What went wrong: In your array at index 1 the Decreaser object has the wrong location. It should be 1 but was 2
    [junit] Tree that triggered this problem:
    [junit]  0 
    [junit] 1
    [junit] 
    [junit] ===== End Failure report for testExtractMinUniq(heaps.test.TestExtractMin) ========
    [junit] 
    [junit] 
    [junit] Tests run: 3, Failures: 0, Errors: 2, Skipped: 0, Time elapsed: 0.32 sec
    [junit] Output:
    [junit] Testing with duplicates size 0
    [junit] done
    [junit] Testing with duplicates size 1
    [junit] done
    [junit] Testing with duplicates size 2
    [junit] ===== Failure report for testExtractMinDups(heaps.test.TestExtractMin) ========
    [junit] Failure message: Heap Validation Error (detail shown below):
    [junit] java.lang.Error: In your array at index 1 the Decreaser object has the wrong location. It should be 1 but was 3
    [junit] Tree before the problem occurred:
    [junit]  1 
    [junit] 1
    [junit] 
    [junit] What went wrong: In your array at index 1 the Decreaser object has the wrong location. It should be 1 but was 3
    [junit] Tree that triggered this problem:
    [junit]  0 
    [junit] 1 1
    [junit] 
    [junit] ===== End Failure report for testExtractMinDups(heaps.test.TestExtractMin) ========
    [junit] 
    [junit] 
    [junit] Testing with unique vals size 0
    [junit] done
    [junit] Testing with unique vals size 1
    [junit] done
    [junit] Testing with unique vals size 2
    [junit] ===== Failure report for testExtractMinUniq(heaps.test.TestExtractMin) ========
    [junit] Failure message: Heap Validation Error (detail shown below):
    [junit] java.lang.Error: In your array at index 1 the Decreaser object has the wrong location. It should be 1 but was 2
    [junit] Tree before the problem occurred:
    [junit] 1
    [junit] 
    [junit] What went wrong: In your array at index 1 the Decreaser object has the wrong location. It should be 1 but was 2
    [junit] Tree that triggered this problem:
    [junit]  0 
    [junit] 1
    [junit] 
    [junit] ===== End Failure report for testExtractMinUniq(heaps.test.TestExtractMin) ========
    [junit] 
    [junit] 
    [junit] 
    [junit] Error: 
    [junit] java.lang.Error: In your array at index 1 the Decreaser object has the wrong location. It should be 1 but was 3
    [junit] 	at heaps.validate.MinHeapValidator.checkLocsCorrect(MinHeapValidator.java:135)
    [junit] 	at heaps.validate.MinHeapValidator.check(MinHeapValidator.java:32)
    [junit] 	at heaps.test.TestUtil.sortTest(TestUtil.java:71)
    [junit] 	at heaps.test.TestExtractMin.testExtractMinDups(TestExtractMin.java:34)
    [junit] 	at java.base/jdk.internal.reflect.NativeMethodAccessorImpl.invoke0(Native Method)
    [junit] 	at java.base/jdk.internal.reflect.NativeMethodAccessorImpl.invoke(NativeMethodAccessorImpl.java:62)
    [junit] 	at java.base/jdk.internal.reflect.DelegatingMethodAccessorImpl.invoke(DelegatingMethodAccessorImpl.java:43)
    [junit] 	at java.base/java.lang.reflect.Method.invoke(Method.java:567)
    [junit] 	at org.junit.runners.model.FrameworkMethod$1.runReflectiveCall(FrameworkMethod.java:50)
    [junit] 	at org.junit.internal.runners.model.ReflectiveCallable.run(ReflectiveCallable.java:12)
    [junit] 	at org.junit.runners.model.FrameworkMethod.invokeExplosively(FrameworkMethod.java:47)
    [junit] 	at org.junit.internal.runners.statements.InvokeMethod.evaluate(InvokeMethod.java:17)
    [junit] 	at org.junit.rules.TestWatcher$1.evaluate(TestWatcher.java:55)
    [junit] 	at org.junit.rules.RunRules.evaluate(RunRules.java:20)
    [junit] 	at org.junit.runners.ParentRunner.runLeaf(ParentRunner.java:325)
    [junit] 	at org.junit.runners.BlockJUnit4ClassRunner.runChild(BlockJUnit4ClassRunner.java:78)
    [junit] 	at org.junit.runners.BlockJUnit4ClassRunner.runChild(BlockJUnit4ClassRunner.java:57)
    [junit] 	at org.junit.runners.ParentRunner$3.run(ParentRunner.java:290)
    [junit] 	at org.junit.runners.ParentRunner$1.schedule(ParentRunner.java:71)
    [junit] 	at org.junit.runners.ParentRunner.runChildren(ParentRunner.java:288)
    [junit] 	at org.junit.runners.ParentRunner.access$000(ParentRunner.java:58)
    [junit] 	at org.junit.runners.ParentRunner$2.evaluate(ParentRunner.java:268)
    [junit] 	at org.junit.runners.ParentRunner.run(ParentRunner.java:363)
    [junit] 	at junit.framework.JUnit4TestAdapter.run(JUnit4TestAdapter.java:38)
    [junit] 	at org.apache.tools.ant.taskdefs.optional.junit.JUnitTestRunner.run(JUnitTestRunner.java:535)
    [junit] 	at org.apache.tools.ant.taskdefs.optional.junit.JUnitTestRunner.launch(JUnitTestRunner.java:1182)
    [junit] 	at org.apache.tools.ant.taskdefs.optional.junit.JUnitTestRunner.main(JUnitTestRunner.java:1033)
    [junit] java.lang.Error: In your array at index 1 the Decreaser object has the wrong location. It should be 1 but was 2
    [junit] 	at heaps.validate.MinHeapValidator.checkLocsCorrect(MinHeapValidator.java:135)
    [junit] 	at heaps.validate.MinHeapValidator.check(MinHeapValidator.java:32)
    [junit] 	at heaps.test.TestUtil.sortTest(TestUtil.java:71)
    [junit] 	at heaps.test.TestExtractMin.testExtractMinUniq(TestExtractMin.java:22)
    [junit] 	at java.base/jdk.internal.reflect.NativeMethodAccessorImpl.invoke0(Native Method)
    [junit] 	at java.base/jdk.internal.reflect.NativeMethodAccessorImpl.invoke(NativeMethodAccessorImpl.java:62)
    [junit] 	at java.base/jdk.internal.reflect.DelegatingMethodAccessorImpl.invoke(DelegatingMethodAccessorImpl.java:43)
    [junit] 	at java.base/java.lang.reflect.Method.invoke(Method.java:567)
    [junit] 	at org.junit.runners.model.FrameworkMethod$1.runReflectiveCall(FrameworkMethod.java:50)
    [junit] 	at org.junit.internal.runners.model.ReflectiveCallable.run(ReflectiveCallable.java:12)
    [junit] 	at org.junit.runners.model.FrameworkMethod.invokeExplosively(FrameworkMethod.java:47)
    [junit] 	at org.junit.internal.runners.statements.InvokeMethod.evaluate(InvokeMethod.java:17)
    [junit] 	at org.junit.rules.TestWatcher$1.evaluate(TestWatcher.java:55)
    [junit] 	at org.junit.rules.RunRules.evaluate(RunRules.java:20)
    [junit] 	at org.junit.runners.ParentRunner.runLeaf(ParentRunner.java:325)
    [junit] 	at org.junit.runners.BlockJUnit4ClassRunner.runChild(BlockJUnit4ClassRunner.java:78)
    [junit] 	at org.junit.runners.BlockJUnit4ClassRunner.runChild(BlockJUnit4ClassRunner.java:57)
    [junit] 	at org.junit.runners.ParentRunner$3.run(ParentRunner.java:290)
    [junit] 	at org.junit.runners.ParentRunner$1.schedule(ParentRunner.java:71)
    [junit] 	at org.junit.runners.ParentRunner.runChildren(ParentRunner.java:288)
    [junit] 	at org.junit.runners.ParentRunner.access$000(ParentRunner.java:58)
    [junit] 	at org.junit.runners.ParentRunner$2.evaluate(ParentRunner.java:268)
    [junit] 	at org.junit.runners.ParentRunner.run(ParentRunner.java:363)
    [junit] 	at junit.framework.JUnit4TestAdapter.run(JUnit4TestAdapter.java:38)
    [junit] 	at org.apache.tools.ant.taskdefs.optional.junit.JUnitTestRunner.run(JUnitTestRunner.java:535)
    [junit] 	at org.apache.tools.ant.taskdefs.optional.junit.JUnitTestRunner.launch(JUnitTestRunner.java:1182)
    [junit] 	at org.apache.tools.ant.taskdefs.optional.junit.JUnitTestRunner.main(JUnitTestRunner.java:1033)
    [junit] 
    [junit] Tests run: 3, Failures: 0, Errors: 2, Skipped: 0, Time elapsed: 0.32 sec
    [junit] ------------- Standard Output ---------------
    [junit] Testing with duplicates size 0
    [junit] done
    [junit] Testing with duplicates size 1
    [junit] done
    [junit] Testing with duplicates size 2
    [junit] ===== Failure report for testExtractMinDups(heaps.test.TestExtractMin) ========
    [junit] Failure message: Heap Validation Error (detail shown below):
    [junit] java.lang.Error: In your array at index 1 the Decreaser object has the wrong location. It should be 1 but was 3
    [junit] Tree before the problem occurred:
    [junit]  1 
    [junit] 1
    [junit] 
    [junit] What went wrong: In your array at index 1 the Decreaser object has the wrong location. It should be 1 but was 3
    [junit] Tree that triggered this problem:
    [junit]  0 
    [junit] 1 1
    [junit] 
    [junit] ===== End Failure report for testExtractMinDups(heaps.test.TestExtractMin) ========
    [junit] 
    [junit] 
    [junit] Testing with unique vals size 0
    [junit] done
    [junit] Testing with unique vals size 1
    [junit] done
    [junit] Testing with unique vals size 2
    [junit] ===== Failure report for testExtractMinUniq(heaps.test.TestExtractMin) ========
    [junit] Failure message: Heap Validation Error (detail shown below):
    [junit] java.lang.Error: In your array at index 1 the Decreaser object has the wrong location. It should be 1 but was 2
    [junit] Tree before the problem occurred:
    [junit] 1
    [junit] 
    [junit] What went wrong: In your array at index 1 the Decreaser object has the wrong location. It should be 1 but was 2
    [junit] Tree that triggered this problem:
    [junit]  0 
    [junit] 1
    [junit] 
    [junit] ===== End Failure report for testExtractMinUniq(heaps.test.TestExtractMin) ========
    [junit] 
    [junit] 
    [junit] ------------- ---------------- ---------------
    [junit] ------------- Standard Error -----------------
    [junit] java.lang.Error: In your array at index 1 the Decreaser object has the wrong location. It should be 1 but was 3
    [junit] 	at heaps.validate.MinHeapValidator.checkLocsCorrect(MinHeapValidator.java:135)
    [junit] 	at heaps.validate.MinHeapValidator.check(MinHeapValidator.java:32)
    [junit] 	at heaps.test.TestUtil.sortTest(TestUtil.java:71)
    [junit] 	at heaps.test.TestExtractMin.testExtractMinDups(TestExtractMin.java:34)
    [junit] 	at java.base/jdk.internal.reflect.NativeMethodAccessorImpl.invoke0(Native Method)
    [junit] 	at java.base/jdk.internal.reflect.NativeMethodAccessorImpl.invoke(NativeMethodAccessorImpl.java:62)
    [junit] 	at java.base/jdk.internal.reflect.DelegatingMethodAccessorImpl.invoke(DelegatingMethodAccessorImpl.java:43)
    [junit] 	at java.base/java.lang.reflect.Method.invoke(Method.java:567)
    [junit] 	at org.junit.runners.model.FrameworkMethod$1.runReflectiveCall(FrameworkMethod.java:50)
    [junit] 	at org.junit.internal.runners.model.ReflectiveCallable.run(ReflectiveCallable.java:12)
    [junit] 	at org.junit.runners.model.FrameworkMethod.invokeExplosively(FrameworkMethod.java:47)
    [junit] 	at org.junit.internal.runners.statements.InvokeMethod.evaluate(InvokeMethod.java:17)
    [junit] 	at org.junit.rules.TestWatcher$1.evaluate(TestWatcher.java:55)
    [junit] 	at org.junit.rules.RunRules.evaluate(RunRules.java:20)
    [junit] 	at org.junit.runners.ParentRunner.runLeaf(ParentRunner.java:325)
    [junit] 	at org.junit.runners.BlockJUnit4ClassRunner.runChild(BlockJUnit4ClassRunner.java:78)
    [junit] 	at org.junit.runners.BlockJUnit4ClassRunner.runChild(BlockJUnit4ClassRunner.java:57)
    [junit] 	at org.junit.runners.ParentRunner$3.run(ParentRunner.java:290)
    [junit] 	at org.junit.runners.ParentRunner$1.schedule(ParentRunner.java:71)
    [junit] 	at org.junit.runners.ParentRunner.runChildren(ParentRunner.java:288)
    [junit] 	at org.junit.runners.ParentRunner.access$000(ParentRunner.java:58)
    [junit] 	at org.junit.runners.ParentRunner$2.evaluate(ParentRunner.java:268)
    [junit] 	at org.junit.runners.ParentRunner.run(ParentRunner.java:363)
    [junit] 	at junit.framework.JUnit4TestAdapter.run(JUnit4TestAdapter.java:38)
    [junit] 	at org.apache.tools.ant.taskdefs.optional.junit.JUnitTestRunner.run(JUnitTestRunner.java:535)
    [junit] 	at org.apache.tools.ant.taskdefs.optional.junit.JUnitTestRunner.launch(JUnitTestRunner.java:1182)
    [junit] 	at org.apache.tools.ant.taskdefs.optional.junit.JUnitTestRunner.main(JUnitTestRunner.java:1033)
    [junit] java.lang.Error: In your array at index 1 the Decreaser object has the wrong location. It should be 1 but was 2
    [junit] 	at heaps.validate.MinHeapValidator.checkLocsCorrect(MinHeapValidator.java:135)
    [junit] 	at heaps.validate.MinHeapValidator.check(MinHeapValidator.java:32)
    [junit] 	at heaps.test.TestUtil.sortTest(TestUtil.java:71)
    [junit] 	at heaps.test.TestExtractMin.testExtractMinUniq(TestExtractMin.java:22)
    [junit] 	at java.base/jdk.internal.reflect.NativeMethodAccessorImpl.invoke0(Native Method)
    [junit] 	at java.base/jdk.internal.reflect.NativeMethodAccessorImpl.invoke(NativeMethodAccessorImpl.java:62)
    [junit] 	at java.base/jdk.internal.reflect.DelegatingMethodAccessorImpl.invoke(DelegatingMethodAccessorImpl.java:43)
    [junit] 	at java.base/java.lang.reflect.Method.invoke(Method.java:567)
    [junit] 	at org.junit.runners.model.FrameworkMethod$1.runReflectiveCall(FrameworkMethod.java:50)
    [junit] 	at org.junit.internal.runners.model.ReflectiveCallable.run(ReflectiveCallable.java:12)
    [junit] 	at org.junit.runners.model.FrameworkMethod.invokeExplosively(FrameworkMethod.java:47)
    [junit] 	at org.junit.internal.runners.statements.InvokeMethod.evaluate(InvokeMethod.java:17)
    [junit] 	at org.junit.rules.TestWatcher$1.evaluate(TestWatcher.java:55)
    [junit] 	at org.junit.rules.RunRules.evaluate(RunRules.java:20)
    [junit] 	at org.junit.runners.ParentRunner.runLeaf(ParentRunner.java:325)
    [junit] 	at org.junit.runners.BlockJUnit4ClassRunner.runChild(BlockJUnit4ClassRunner.java:78)
    [junit] 	at org.junit.runners.BlockJUnit4ClassRunner.runChild(BlockJUnit4ClassRunner.java:57)
    [junit] 	at org.junit.runners.ParentRunner$3.run(ParentRunner.java:290)
    [junit] 	at org.junit.runners.ParentRunner$1.schedule(ParentRunner.java:71)
    [junit] 	at org.junit.runners.ParentRunner.runChildren(ParentRunner.java:288)
    [junit] 	at org.junit.runners.ParentRunner.access$000(ParentRunner.java:58)
    [junit] 	at org.junit.runners.ParentRunner$2.evaluate(ParentRunner.java:268)
    [junit] 	at org.junit.runners.ParentRunner.run(ParentRunner.java:363)
    [junit] 	at junit.framework.JUnit4TestAdapter.run(JUnit4TestAdapter.java:38)
    [junit] 	at org.apache.tools.ant.taskdefs.optional.junit.JUnitTestRunner.run(JUnitTestRunner.java:535)
    [junit] 	at org.apache.tools.ant.taskdefs.optional.junit.JUnitTestRunner.launch(JUnitTestRunner.java:1182)
    [junit] 	at org.apache.tools.ant.taskdefs.optional.junit.JUnitTestRunner.main(JUnitTestRunner.java:1033)
    [junit] ------------- ---------------- ---------------
    [junit] 
    [junit] Testcase: testExtractMinDups took 0.231 sec
    [junit] 	Caused an ERROR
    [junit] null
    [junit] Heap Validation Error (detail shown below):
    [junit] java.lang.Error: In your array at index 1 the Decreaser object has the wrong location. It should be 1 but was 3
    [junit] Tree before the problem occurred:
    [junit]  1 
    [junit] 1
    [junit] 
    [junit] What went wrong: In your array at index 1 the Decreaser object has the wrong location. It should be 1 but was 3
    [junit] Tree that triggered this problem:
    [junit]  0 
    [junit] 1 1
    [junit] 
    [junit] 	at heaps.validate.MinHeapValidator.check(MinHeapValidator.java:43)
    [junit] 	at heaps.test.TestUtil.sortTest(TestUtil.java:71)
    [junit] 	at heaps.test.TestExtractMin.testExtractMinDups(TestExtractMin.java:34)
    [junit] 	at java.base/jdk.internal.reflect.NativeMethodAccessorImpl.invoke0(Native Method)
    [junit] 	at java.base/jdk.internal.reflect.NativeMethodAccessorImpl.invoke(NativeMethodAccessorImpl.java:62)
    [junit] 	at java.base/jdk.internal.reflect.DelegatingMethodAccessorImpl.invoke(DelegatingMethodAccessorImpl.java:43)
    [junit] 
    [junit] Testcase: testExtractMinUniq took 0.008 sec
    [junit] 	Caused an ERROR
    [junit] null
    [junit] Heap Validation Error (detail shown below):
    [junit] java.lang.Error: In your array at index 1 the Decreaser object has the wrong location. It should be 1 but was 2
    [junit] Tree before the problem occurred:
    [junit] 1
    [junit] 
    [junit] What went wrong: In your array at index 1 the Decreaser object has the wrong location. It should be 1 but was 2
    [junit] Tree that triggered this problem:
    [junit]  0 
    [junit] 1
    [junit] 
    [junit] 	at heaps.validate.MinHeapValidator.check(MinHeapValidator.java:43)
    [junit] 	at heaps.test.TestUtil.sortTest(TestUtil.java:71)
    [junit] 	at heaps.test.TestExtractMin.testExtractMinUniq(TestExtractMin.java:22)
    [junit] 	at java.base/jdk.internal.reflect.NativeMethodAccessorImpl.invoke0(Native Method)
    [junit] 	at java.base/jdk.internal.reflect.NativeMethodAccessorImpl.invoke(NativeMethodAccessorImpl.java:62)
    [junit] 	at java.base/jdk.internal.reflect.DelegatingMethodAccessorImpl.invoke(DelegatingMethodAccessorImpl.java:43)
    [junit] 
    [junit] Testcase: testLocUpdatedHeapify took 0.019 sec

BUILD FAILED
/home/coles/git/cse247/cse247-support-f19/build.xml:34: Test heaps.test.TestExtractMin failed

Total time: 2 seconds
================
Lab is not counted -- failed unit tests
================

CSE247 Robot tester ends testing heaps on 2019-10-13 22:19:52 -0500
-------------------
